[debug] [2023-05-27T05:38:19.398Z] ----------------------------------------------------------------------
[debug] [2023-05-27T05:38:19.400Z] Command:       C:\Program Files\nodejs\node.exe C:\Users\ranoj\AppData\Roaming\npm\node_modules\firebase-tools\lib\bin\firebase.js emulators:start --only functions
[debug] [2023-05-27T05:38:19.400Z] CLI Version:   12.2.1
[debug] [2023-05-27T05:38:19.401Z] Platform:      win32
[debug] [2023-05-27T05:38:19.401Z] Node Version:  v18.16.0
[debug] [2023-05-27T05:38:19.401Z] Time:          Sat May 27 2023 11:08:19 GMT+0530 (India Standard Time)
[debug] [2023-05-27T05:38:19.401Z] ----------------------------------------------------------------------
[debug] 
[debug] [2023-05-27T05:38:19.490Z] > command requires scopes: ["email","openid","https://www.googleapis.com/auth/cloudplatformprojects.readonly","https://www.googleapis.com/auth/firebase","https://www.googleapis.com/auth/cloud-platform"]
[debug] [2023-05-27T05:38:19.490Z] > authorizing via signed-in user (fiaf.rex101@gmail.com)
[info] i  emulators: Starting emulators: functions {"metadata":{"emulator":{"name":"hub"},"message":"Starting emulators: functions"}}
[debug] [2023-05-27T05:38:19.500Z] [logging] Logging Emulator only supports listening on one address (127.0.0.1). Not listening on ::1
[debug] [2023-05-27T05:38:19.501Z] assigned listening specs for emulators {"user":{"hub":[{"address":"127.0.0.1","family":"IPv4","port":4400},{"address":"::1","family":"IPv6","port":4400}],"ui":[{"address":"127.0.0.1","family":"IPv4","port":4000},{"address":"::1","family":"IPv6","port":4000}],"logging":[{"address":"127.0.0.1","family":"IPv4","port":4500}]},"metadata":{"message":"assigned listening specs for emulators"}}
[debug] [2023-05-27T05:38:19.515Z] [hub] writing locator at C:\Users\ranoj\AppData\Local\Temp\hub-fir-crud-api-35713.json
[debug] [2023-05-27T05:38:19.548Z] [functions] Functions Emulator only supports listening on one address (127.0.0.1). Not listening on ::1
[debug] [2023-05-27T05:38:19.548Z] [eventarc] Eventarc Emulator only supports listening on one address (127.0.0.1). Not listening on ::1
[debug] [2023-05-27T05:38:19.552Z] late-assigned ports for functions and eventarc emulators {"user":{"hub":[{"address":"127.0.0.1","family":"IPv4","port":4400},{"address":"::1","family":"IPv6","port":4400}],"ui":[{"address":"127.0.0.1","family":"IPv4","port":4000},{"address":"::1","family":"IPv6","port":4000}],"logging":[{"address":"127.0.0.1","family":"IPv4","port":4500}],"functions":[{"address":"127.0.0.1","family":"IPv4","port":5001}],"eventarc":[{"address":"127.0.0.1","family":"IPv4","port":9299}]},"metadata":{"message":"late-assigned ports for functions and eventarc emulators"}}
[warn] !  functions: The following emulators are not running, calls to these services from the Functions emulator will affect production: auth, firestore, database, hosting, pubsub, storage {"metadata":{"emulator":{"name":"functions"},"message":"The following emulators are not running, calls to these services from the Functions emulator will affect production: \u001b[1mauth, firestore, database, hosting, pubsub, storage\u001b[22m"}}
[debug] [2023-05-27T05:38:19.562Z] defaultcredentials: writing to file C:\Users\ranoj\AppData\Roaming\firebase\fiaf_rex101_gmail.com_application_default_credentials.json
[debug] [2023-05-27T05:38:19.565Z] Setting GAC to C:\Users\ranoj\AppData\Roaming\firebase\fiaf_rex101_gmail.com_application_default_credentials.json {"metadata":{"emulator":{"name":"functions"},"message":"Setting GAC to C:\\Users\\ranoj\\AppData\\Roaming\\firebase\\fiaf_rex101_gmail.com_application_default_credentials.json"}}
[debug] [2023-05-27T05:38:19.568Z] >>> [apiv2][query] GET https://firebase.googleapis.com/v1beta1/projects/fir-crud-api-35713/adminSdkConfig [none]
[debug] [2023-05-27T05:38:20.275Z] <<< [apiv2][status] GET https://firebase.googleapis.com/v1beta1/projects/fir-crud-api-35713/adminSdkConfig 200
[debug] [2023-05-27T05:38:20.275Z] <<< [apiv2][body] GET https://firebase.googleapis.com/v1beta1/projects/fir-crud-api-35713/adminSdkConfig {"projectId":"fir-crud-api-35713","storageBucket":"fir-crud-api-35713.appspot.com"}
[debug] [2023-05-27T05:38:20.308Z] Ignoring unsupported arg: auto_download {"metadata":{"emulator":{"name":"ui"},"message":"Ignoring unsupported arg: auto_download"}}
[debug] [2023-05-27T05:38:20.308Z] Ignoring unsupported arg: port {"metadata":{"emulator":{"name":"ui"},"message":"Ignoring unsupported arg: port"}}
[debug] [2023-05-27T05:38:20.308Z] Starting Emulator UI with command {"binary":"node","args":["C:\\Users\\ranoj\\.cache\\firebase\\emulators\\ui-v1.11.6\\server\\server.js"],"optionalArgs":[],"joinArgs":false} {"metadata":{"emulator":{"name":"ui"},"message":"Starting Emulator UI with command {\"binary\":\"node\",\"args\":[\"C:\\\\Users\\\\ranoj\\\\.cache\\\\firebase\\\\emulators\\\\ui-v1.11.6\\\\server\\\\server.js\"],\"optionalArgs\":[],\"joinArgs\":false}"}}
[info] i  ui: Emulator UI logging to ui-debug.log {"metadata":{"emulator":{"name":"ui"},"message":"Emulator UI logging to \u001b[1mui-debug.log\u001b[22m"}}
[debug] [2023-05-27T05:38:20.420Z] Web / API server started at 127.0.0.1:4000
 {"metadata":{"emulator":{"name":"ui"},"message":"Web / API server started at 127.0.0.1:4000\n"}}
[debug] [2023-05-27T05:38:20.420Z] Web / API server started at ::1:4000
 {"metadata":{"emulator":{"name":"ui"},"message":"Web / API server started at ::1:4000\n"}}
[info] i  functions: Watching "C:\Users\ranoj\Desktop\Internship\nEW TASK\functions" for Cloud Functions... {"metadata":{"emulator":{"name":"functions"},"message":"Watching \"C:\\Users\\ranoj\\Desktop\\Internship\\nEW TASK\\functions\" for Cloud Functions..."}}
[debug] [2023-05-27T05:38:20.583Z] Validating nodejs source
[debug] [2023-05-27T05:38:21.997Z] > [functions] package.json contents: {
  "name": "functions",
  "description": "Cloud Functions for Firebase",
  "scripts": {
    "lint": "eslint .",
    "serve": "firebase emulators:start --only functions",
    "shell": "firebase functions:shell",
    "start": "npm run shell",
    "deploy": "firebase deploy --only functions",
    "logs": "firebase functions:log"
  },
  "engines": {
    "node": "18"
  },
  "main": "index.js",
  "dependencies": {
    "cors": "^2.8.5",
    "express": "^4.18.2",
    "firebase-admin": "^11.8.0",
    "firebase-functions": "^4.3.1"
  },
  "devDependencies": {
    "eslint": "^8.15.0",
    "eslint-config-google": "^0.14.0",
    "firebase-functions-test": "^3.1.0"
  },
  "private": true
}
[debug] [2023-05-27T05:38:21.998Z] Building nodejs source
[debug] [2023-05-27T05:38:21.998Z] Failed to find version of module node: reached end of search path C:\Users\ranoj\Desktop\Internship\nEW TASK\functions\node_modules
[info] +  functions: Using node@18 from host. 
[debug] [2023-05-27T05:38:22.003Z] Could not find functions.yaml. Must use http discovery
[debug] [2023-05-27T05:38:22.010Z] Found firebase-functions binary at 'C:\Users\ranoj\Desktop\Internship\nEW TASK\functions\node_modules\.bin\firebase-functions'
[debug] [2023-05-27T05:38:22.256Z] Serving at port 8913

[debug] [2023-05-27T05:38:22.576Z] Got response from /__/functions.yaml {"endpoints":{"app":{"platform":"gcfv1","availableMemoryMb":null,"timeoutSeconds":null,"minInstances":null,"maxInstances":null,"ingressSettings":null,"serviceAccountEmail":null,"vpc":null,"httpsTrigger":{},"entryPoint":"app"}},"specVersion":"v1alpha1","requiredAPIs":[]}
[debug] [2023-05-27T05:38:22.584Z] shutdown requested via /__/quitquitquit

[info] +  functions: Loaded functions definitions from source: app. {"metadata":{"emulator":{"name":"functions"},"message":"Loaded functions definitions from source: app."}}
[info] +  functions[us-central1-app]: http function initialized (http://127.0.0.1:5001/fir-crud-api-35713/us-central1/app). {"metadata":{"emulator":{"name":"functions"},"message":"\u001b[1mhttp\u001b[22m function initialized (http://127.0.0.1:5001/fir-crud-api-35713/us-central1/app)."}}
[info] 
┌─────────────────────────────────────────────────────────────┐
│ ✔  All emulators ready! It is now safe to connect your app. │
│ i  View Emulator UI at http://127.0.0.1:4000/               │
└─────────────────────────────────────────────────────────────┘

┌───────────┬────────────────┬─────────────────────────────────┐
│ Emulator  │ Host:Port      │ View in Emulator UI             │
├───────────┼────────────────┼─────────────────────────────────┤
│ Functions │ 127.0.0.1:5001 │ http://127.0.0.1:4000/functions │
└───────────┴────────────────┴─────────────────────────────────┘
  Emulator Hub running at 127.0.0.1:4400
  Other reserved ports: 4500

Issues? Report them at https://github.com/firebase/firebase-tools/issues and attach the *-debug.log files.
 
[debug] [2023-05-27T05:38:24.500Z] [work-queue] {"queuedWork":["/fir-crud-api-35713/us-central1/app/api/delete/1685164348269-2023-05-27T05:38:24.500Z"],"queueLength":1,"runningWork":[],"workRunningCount":0}
[debug] [2023-05-27T05:38:24.501Z] [work-queue] {"queuedWork":[],"queueLength":0,"runningWork":["/fir-crud-api-35713/us-central1/app/api/delete/1685164348269-2023-05-27T05:38:24.500Z"],"workRunningCount":1}
[debug] [2023-05-27T05:38:24.501Z] Accepted request DELETE /fir-crud-api-35713/us-central1/app/api/delete/1685164348269 --> us-central1-app
[debug] [2023-05-27T05:38:24.505Z] [functions] Runtime ready! Sending request! {"metadata":{"emulator":{"name":"functions"},"message":"[functions] Runtime ready! Sending request!"}}
[debug] [2023-05-27T05:38:24.505Z] [functions] Got req.url=/fir-crud-api-35713/us-central1/app/api/delete/1685164348269, mapping to path=/api/delete/1685164348269 {"metadata":{"emulator":{"name":"functions"},"message":"[functions] Got req.url=/fir-crud-api-35713/us-central1/app/api/delete/1685164348269, mapping to path=/api/delete/1685164348269"}}
[debug] [2023-05-27T05:38:24.513Z] [worker-pool] addWorker(us-central1-app) {"metadata":{"emulator":{"name":"functions"},"message":"[worker-pool] addWorker(us-central1-app)"}}
[debug] [2023-05-27T05:38:24.514Z] [worker-pool] Adding worker with key us-central1-app, total=1 {"metadata":{"emulator":{"name":"functions"},"message":"[worker-pool] Adding worker with key us-central1-app, total=1"}}
[debug] [2023-05-27T05:38:25.638Z] [runtime-status] [18196] Resolved module firebase-admin {"declared":true,"installed":true,"version":"11.8.0","resolution":"C:\\Users\\ranoj\\Desktop\\Internship\\nEW TASK\\functions\\node_modules\\firebase-admin\\lib\\index.js"} {"metadata":{"emulator":{"name":"functions"},"function":{"name":"us-central1-app"},"extension":{},"message":"[runtime-status] [18196] Resolved module firebase-admin {\"declared\":true,\"installed\":true,\"version\":\"11.8.0\",\"resolution\":\"C:\\\\Users\\\\ranoj\\\\Desktop\\\\Internship\\\\nEW TASK\\\\functions\\\\node_modules\\\\firebase-admin\\\\lib\\\\index.js\"}"}}
[debug] [2023-05-27T05:38:25.639Z] [runtime-status] [18196] Resolved module firebase-functions {"declared":true,"installed":true,"version":"4.4.0","resolution":"C:\\Users\\ranoj\\Desktop\\Internship\\nEW TASK\\functions\\node_modules\\firebase-functions\\lib\\v1\\index.js"} {"metadata":{"emulator":{"name":"functions"},"function":{"name":"us-central1-app"},"extension":{},"message":"[runtime-status] [18196] Resolved module firebase-functions {\"declared\":true,\"installed\":true,\"version\":\"4.4.0\",\"resolution\":\"C:\\\\Users\\\\ranoj\\\\Desktop\\\\Internship\\\\nEW TASK\\\\functions\\\\node_modules\\\\firebase-functions\\\\lib\\\\v1\\\\index.js\"}"}}
[debug] [2023-05-27T05:38:25.640Z] [runtime-status] [18196] Outgoing network have been stubbed. [{"name":"http","status":"mocked"},{"name":"http","status":"mocked"},{"name":"https","status":"mocked"},{"name":"https","status":"mocked"},{"name":"net","status":"mocked"}] {"metadata":{"emulator":{"name":"functions"},"function":{"name":"us-central1-app"},"extension":{},"message":"[runtime-status] [18196] Outgoing network have been stubbed. [{\"name\":\"http\",\"status\":\"mocked\"},{\"name\":\"http\",\"status\":\"mocked\"},{\"name\":\"https\",\"status\":\"mocked\"},{\"name\":\"https\",\"status\":\"mocked\"},{\"name\":\"net\",\"status\":\"mocked\"}]"}}
[debug] [2023-05-27T05:38:25.641Z] [runtime-status] [18196] Resolved module firebase-functions {"declared":true,"installed":true,"version":"4.4.0","resolution":"C:\\Users\\ranoj\\Desktop\\Internship\\nEW TASK\\functions\\node_modules\\firebase-functions\\lib\\v1\\index.js"} {"metadata":{"emulator":{"name":"functions"},"function":{"name":"us-central1-app"},"extension":{},"message":"[runtime-status] [18196] Resolved module firebase-functions {\"declared\":true,\"installed\":true,\"version\":\"4.4.0\",\"resolution\":\"C:\\\\Users\\\\ranoj\\\\Desktop\\\\Internship\\\\nEW TASK\\\\functions\\\\node_modules\\\\firebase-functions\\\\lib\\\\v1\\\\index.js\"}"}}
[debug] [2023-05-27T05:38:25.870Z] [runtime-status] [18196] Checked functions.config() {"config":{}} {"metadata":{"emulator":{"name":"functions"},"function":{"name":"us-central1-app"},"extension":{},"message":"[runtime-status] [18196] Checked functions.config() {\"config\":{}}"}}
[debug] [2023-05-27T05:38:25.870Z] [runtime-status] [18196] firebase-functions has been stubbed. {"functionsResolution":{"declared":true,"installed":true,"version":"4.4.0","resolution":"C:\\Users\\ranoj\\Desktop\\Internship\\nEW TASK\\functions\\node_modules\\firebase-functions\\lib\\v1\\index.js"}} {"metadata":{"emulator":{"name":"functions"},"function":{"name":"us-central1-app"},"extension":{},"message":"[runtime-status] [18196] firebase-functions has been stubbed. {\"functionsResolution\":{\"declared\":true,\"installed\":true,\"version\":\"4.4.0\",\"resolution\":\"C:\\\\Users\\\\ranoj\\\\Desktop\\\\Internship\\\\nEW TASK\\\\functions\\\\node_modules\\\\firebase-functions\\\\lib\\\\v1\\\\index.js\"}}"}}
[debug] [2023-05-27T05:38:25.871Z] [runtime-status] [18196] Resolved module firebase-functions {"declared":true,"installed":true,"version":"4.4.0","resolution":"C:\\Users\\ranoj\\Desktop\\Internship\\nEW TASK\\functions\\node_modules\\firebase-functions\\lib\\v1\\index.js"} {"metadata":{"emulator":{"name":"functions"},"function":{"name":"us-central1-app"},"extension":{},"message":"[runtime-status] [18196] Resolved module firebase-functions {\"declared\":true,\"installed\":true,\"version\":\"4.4.0\",\"resolution\":\"C:\\\\Users\\\\ranoj\\\\Desktop\\\\Internship\\\\nEW TASK\\\\functions\\\\node_modules\\\\firebase-functions\\\\lib\\\\v1\\\\index.js\"}"}}
[debug] [2023-05-27T05:38:25.873Z] [runtime-status] [18196] Resolved module firebase-admin {"declared":true,"installed":true,"version":"11.8.0","resolution":"C:\\Users\\ranoj\\Desktop\\Internship\\nEW TASK\\functions\\node_modules\\firebase-admin\\lib\\index.js"} {"metadata":{"emulator":{"name":"functions"},"function":{"name":"us-central1-app"},"extension":{},"message":"[runtime-status] [18196] Resolved module firebase-admin {\"declared\":true,\"installed\":true,\"version\":\"11.8.0\",\"resolution\":\"C:\\\\Users\\\\ranoj\\\\Desktop\\\\Internship\\\\nEW TASK\\\\functions\\\\node_modules\\\\firebase-admin\\\\lib\\\\index.js\"}"}}
[debug] [2023-05-27T05:38:25.875Z] [runtime-status] [18196] Resolved module firebase-functions {"declared":true,"installed":true,"version":"4.4.0","resolution":"C:\\Users\\ranoj\\Desktop\\Internship\\nEW TASK\\functions\\node_modules\\firebase-functions\\lib\\v1\\index.js"} {"metadata":{"emulator":{"name":"functions"},"function":{"name":"us-central1-app"},"extension":{},"message":"[runtime-status] [18196] Resolved module firebase-functions {\"declared\":true,\"installed\":true,\"version\":\"4.4.0\",\"resolution\":\"C:\\\\Users\\\\ranoj\\\\Desktop\\\\Internship\\\\nEW TASK\\\\functions\\\\node_modules\\\\firebase-functions\\\\lib\\\\v1\\\\index.js\"}"}}
[debug] [2023-05-27T05:38:25.876Z] [runtime-status] [18196] firebase-admin has been stubbed. {"adminResolution":{"declared":true,"installed":true,"version":"11.8.0","resolution":"C:\\Users\\ranoj\\Desktop\\Internship\\nEW TASK\\functions\\node_modules\\firebase-admin\\lib\\index.js"}} {"metadata":{"emulator":{"name":"functions"},"function":{"name":"us-central1-app"},"extension":{},"message":"[runtime-status] [18196] firebase-admin has been stubbed. {\"adminResolution\":{\"declared\":true,\"installed\":true,\"version\":\"11.8.0\",\"resolution\":\"C:\\\\Users\\\\ranoj\\\\Desktop\\\\Internship\\\\nEW TASK\\\\functions\\\\node_modules\\\\firebase-admin\\\\lib\\\\index.js\"}}"}}
[debug] [2023-05-27T05:38:25.916Z] [runtime-status] [18196] initializeApp(DEFAULT) {"credential":{"implicit":false,"projectId":"fir-crud-api-35713","privateKey":"-----BEGIN PRIVATE KEY-----\nMIIEvwIBADANBgkqhkiG9w0BAQEFAASCBKkwggSlAgEAAoIBAQDXEhXotmdUHyrH\nwEa21TKUW1o5XY1tYkdKlhrBEr4QpW2k/uor1fMKwY7XfSSfj08Hv1Dy+MUHUPsn\nKThboSDhVkxOhnd4eV6KdCLQpGXjpjEp3VUY+NF/i1TEAhUD2e7XZp59nGu1lBGy\n8BhJQkTc2WXeQ53/Fikx8ZSMmNctoSZD2S+GOIBz91JmHUm8TBewa1Ej7lQKA1+x\nfYIxKiM8rq/6o+w3jfH+dtOz4HECOvXzo6uT3DGkBYDuXUNqIfO83eM3//NOcT39\nsaC/auQbtamYbBZzBqBwCrV4nLDvO2oKOjydpQE7hE8h0lQQOTJmBxj5ofGlA4vH\n5pDjBJMRAgMBAAECggEAFzZ/Ad6KGYTBp8yjdUFek6+mddGYnalBW5YG7jbZJ8/L\nHUdcO/38HPmWMsDxjn03wPTPxmG+VlNRwEDNMeqas2eOld0ikPC8mQH+7fkIfEEo\nRkX61NaqOfNuYzd8UC2Z/0q2qYUUBQWlwWPzoxiReSrHuW0f5PPd32OdLm2ir+xl\ngGWZfsWUZrfufD6ubAyZGajUEHSlNsfNlV/7+6YxuPr/ooCow71QrlN6MYOZGxzo\nzrw8410AL4YN07AOgO38W9AQY9+j5iiKssA7Q7RlmUtOiMR7Zr5eZluW86JksUJz\neGvAqtrckqCV6MngsRkV5YVUSm/BDazCTEQ1t0UqtwKBgQD7erG5wAaThwQlFeH2\nEV86DIVZ90e7jo4r7xB/7LMLTpDZwGWMeYgLSqAYnzEPh/1IasM0jorab5EM0Nxh\n9pfpx/KB7YwQBUJ2Xa69cubVQ76WRCS1tpO3zdwhcHyC6+d2lrLxQRnYV3eA5/Us\nS4bJgVt0I46X5II7wWJU3CWAXwKBgQDa79bPtutmdrNT9Z7Y4UQU6c37CV/oXAHB\nqNqn6SXZL51xj6Bsyv6qcEzEtUF/0P2/pKuREy7d1gp48CRHKvUsU+gY7agjbKJm\nAZX8wwly1WYilMoYXPv13xMLISz/bdoolb1J7ZRkIvaL6OlQ/cLAF7XWriei4Rov\nprxU8gLijwKBgQC/z4atejTJ46qaqsUtzXRHr3Mq+rxg50uzYOXB3QV3c1ZycBhE\nfBHzItlXzlw6T2w2BxCbDroEACKvlsLxiYe3TcW/qjMxqQFXjP8SCwjb048TyCgD\n3Z1wDXmAm+6sYUiroCgecZxH8fb5gHL1dSn6mkrqG5DQc/+NmmPo+/0ymwKBgQCH\npp70KCQGYnmOBducCUcDpjHH3vEbqRY1hYelDeIzhTsKB7Ggds3/kIEgSCYDKdxv\nB3p98uLQ9DOc5z2zErzB8GMYPvg0qrSce1MRP071ZZ9YwdPN8J70onjMJowY31mS\nV+Tmj1uoB7m2ymL1maU3G/nAwDsywkJVT/vUrfZ3pQKBgQCfGhTPj+bpCD0o3zNW\nBj7s4+LhClHeZkEikY9ukQinLNY1MuQ4DNSnNvie3Lu24VvqYy6kdAStChdz8VWd\nDjT/ES07aWyklhnorqo+/mrD5KSnFmCftuUAHnx6XPOiROXDrcFksWclafOtuiKB\nUzi7hgbLw/tX6W2YaLUacRbXkQ==\n-----END PRIVATE KEY-----\n","clientEmail":"firebase-adminsdk-z58w8@fir-crud-api-35713.iam.gserviceaccount.com","httpClient":{"retry":{"maxRetries":4,"statusCodes":[503],"ioErrorCodes":["ECONNRESET","ETIMEDOUT"],"backOffFactor":0.5,"maxDelayInMillis":60000}}}} {"metadata":{"emulator":{"name":"functions"},"function":{"name":"us-central1-app"},"extension":{},"message":"[runtime-status] [18196] initializeApp(DEFAULT) {\"credential\":{\"implicit\":false,\"projectId\":\"fir-crud-api-35713\",\"privateKey\":\"-----BEGIN PRIVATE KEY-----\\nMIIEvwIBADANBgkqhkiG9w0BAQEFAASCBKkwggSlAgEAAoIBAQDXEhXotmdUHyrH\\nwEa21TKUW1o5XY1tYkdKlhrBEr4QpW2k/uor1fMKwY7XfSSfj08Hv1Dy+MUHUPsn\\nKThboSDhVkxOhnd4eV6KdCLQpGXjpjEp3VUY+NF/i1TEAhUD2e7XZp59nGu1lBGy\\n8BhJQkTc2WXeQ53/Fikx8ZSMmNctoSZD2S+GOIBz91JmHUm8TBewa1Ej7lQKA1+x\\nfYIxKiM8rq/6o+w3jfH+dtOz4HECOvXzo6uT3DGkBYDuXUNqIfO83eM3//NOcT39\\nsaC/auQbtamYbBZzBqBwCrV4nLDvO2oKOjydpQE7hE8h0lQQOTJmBxj5ofGlA4vH\\n5pDjBJMRAgMBAAECggEAFzZ/Ad6KGYTBp8yjdUFek6+mddGYnalBW5YG7jbZJ8/L\\nHUdcO/38HPmWMsDxjn03wPTPxmG+VlNRwEDNMeqas2eOld0ikPC8mQH+7fkIfEEo\\nRkX61NaqOfNuYzd8UC2Z/0q2qYUUBQWlwWPzoxiReSrHuW0f5PPd32OdLm2ir+xl\\ngGWZfsWUZrfufD6ubAyZGajUEHSlNsfNlV/7+6YxuPr/ooCow71QrlN6MYOZGxzo\\nzrw8410AL4YN07AOgO38W9AQY9+j5iiKssA7Q7RlmUtOiMR7Zr5eZluW86JksUJz\\neGvAqtrckqCV6MngsRkV5YVUSm/BDazCTEQ1t0UqtwKBgQD7erG5wAaThwQlFeH2\\nEV86DIVZ90e7jo4r7xB/7LMLTpDZwGWMeYgLSqAYnzEPh/1IasM0jorab5EM0Nxh\\n9pfpx/KB7YwQBUJ2Xa69cubVQ76WRCS1tpO3zdwhcHyC6+d2lrLxQRnYV3eA5/Us\\nS4bJgVt0I46X5II7wWJU3CWAXwKBgQDa79bPtutmdrNT9Z7Y4UQU6c37CV/oXAHB\\nqNqn6SXZL51xj6Bsyv6qcEzEtUF/0P2/pKuREy7d1gp48CRHKvUsU+gY7agjbKJm\\nAZX8wwly1WYilMoYXPv13xMLISz/bdoolb1J7ZRkIvaL6OlQ/cLAF7XWriei4Rov\\nprxU8gLijwKBgQC/z4atejTJ46qaqsUtzXRHr3Mq+rxg50uzYOXB3QV3c1ZycBhE\\nfBHzItlXzlw6T2w2BxCbDroEACKvlsLxiYe3TcW/qjMxqQFXjP8SCwjb048TyCgD\\n3Z1wDXmAm+6sYUiroCgecZxH8fb5gHL1dSn6mkrqG5DQc/+NmmPo+/0ymwKBgQCH\\npp70KCQGYnmOBducCUcDpjHH3vEbqRY1hYelDeIzhTsKB7Ggds3/kIEgSCYDKdxv\\nB3p98uLQ9DOc5z2zErzB8GMYPvg0qrSce1MRP071ZZ9YwdPN8J70onjMJowY31mS\\nV+Tmj1uoB7m2ymL1maU3G/nAwDsywkJVT/vUrfZ3pQKBgQCfGhTPj+bpCD0o3zNW\\nBj7s4+LhClHeZkEikY9ukQinLNY1MuQ4DNSnNvie3Lu24VvqYy6kdAStChdz8VWd\\nDjT/ES07aWyklhnorqo+/mrD5KSnFmCftuUAHnx6XPOiROXDrcFksWclafOtuiKB\\nUzi7hgbLw/tX6W2YaLUacRbXkQ==\\n-----END PRIVATE KEY-----\\n\",\"clientEmail\":\"firebase-adminsdk-z58w8@fir-crud-api-35713.iam.gserviceaccount.com\",\"httpClient\":{\"retry\":{\"maxRetries\":4,\"statusCodes\":[503],\"ioErrorCodes\":[\"ECONNRESET\",\"ETIMEDOUT\"],\"backOffFactor\":0.5,\"maxDelayInMillis\":60000}}}}"}}
[warn] !  functions: The Cloud Firestore emulator is not running, so calls to Firestore will affect production. {"metadata":{"emulator":{"name":"functions"},"function":{"name":"us-central1-app"},"extension":{},"message":"The Cloud Firestore emulator is not running, so calls to Firestore will affect production."}}
[debug] [2023-05-27T05:38:26.029Z] [runtime-status] [18196] Functions runtime initialized. {"cwd":"C:\\Users\\ranoj\\Desktop\\Internship\\nEW TASK\\functions","node_version":"18.16.0"} {"metadata":{"emulator":{"name":"functions"},"function":{"name":"us-central1-app"},"extension":{},"message":"[runtime-status] [18196] Functions runtime initialized. {\"cwd\":\"C:\\\\Users\\\\ranoj\\\\Desktop\\\\Internship\\\\nEW TASK\\\\functions\",\"node_version\":\"18.16.0\"}"}}
[debug] [2023-05-27T05:38:26.029Z] [runtime-status] [18196] Listening to port: \\?\pipe\fire_emu_f7e0be488a8cc994 {"metadata":{"emulator":{"name":"functions"},"function":{"name":"us-central1-app"},"extension":{},"message":"[runtime-status] [18196] Listening to port: \\\\?\\pipe\\fire_emu_f7e0be488a8cc994"}}
[debug] [2023-05-27T05:38:26.118Z] [worker-us-central1-app-3e868337-ad40-4c6a-a9b3-847f7b83ef1f]: IDLE {"metadata":{"emulator":{"name":"functions"},"function":{"name":"us-central1-app"},"extension":{},"message":"[worker-us-central1-app-3e868337-ad40-4c6a-a9b3-847f7b83ef1f]: IDLE"}}
[debug] [2023-05-27T05:38:26.119Z] [worker-pool] submitRequest(triggerId=us-central1-app) {"metadata":{"emulator":{"name":"functions"},"message":"[worker-pool] submitRequest(triggerId=us-central1-app)"}}
[info] i  functions: Beginning execution of "us-central1-app" {"metadata":{"emulator":{"name":"functions"},"function":{"name":"us-central1-app"},"extension":{},"message":"Beginning execution of \"us-central1-app\""}}
[debug] [2023-05-27T05:38:26.120Z] [worker-us-central1-app-3e868337-ad40-4c6a-a9b3-847f7b83ef1f]: BUSY {"metadata":{"emulator":{"name":"functions"},"function":{"name":"us-central1-app"},"extension":{},"message":"[worker-us-central1-app-3e868337-ad40-4c6a-a9b3-847f7b83ef1f]: BUSY"}}
[debug] [2023-05-27T05:38:28.431Z] Finishing up request with event=pause {"metadata":{"emulator":{"name":"functions"},"function":{"name":"us-central1-app"},"extension":{},"message":"Finishing up request with event=pause"}}
[info] i  functions: Finished "us-central1-app" in 2311.4673000000003ms {"metadata":{"emulator":{"name":"functions"},"function":{"name":"us-central1-app"},"extension":{},"message":"Finished \"us-central1-app\" in 2311.4673000000003ms"}}
[debug] [2023-05-27T05:38:28.432Z] [worker-us-central1-app-3e868337-ad40-4c6a-a9b3-847f7b83ef1f]: IDLE {"metadata":{"emulator":{"name":"functions"},"function":{"name":"us-central1-app"},"extension":{},"message":"[worker-us-central1-app-3e868337-ad40-4c6a-a9b3-847f7b83ef1f]: IDLE"}}
[debug] [2023-05-27T05:38:28.432Z] Finishing up request with event=finish {"metadata":{"emulator":{"name":"functions"},"function":{"name":"us-central1-app"},"extension":{},"message":"Finishing up request with event=finish"}}
[debug] [2023-05-27T05:38:28.432Z] Finishing up request with event=close {"metadata":{"emulator":{"name":"functions"},"function":{"name":"us-central1-app"},"extension":{},"message":"Finishing up request with event=close"}}
[debug] [2023-05-27T05:38:28.432Z] [work-queue] {"queuedWork":[],"queueLength":0,"runningWork":[],"workRunningCount":0}
[debug] [2023-05-27T05:39:01.212Z] File C:\Users\ranoj\Desktop\Internship\nEW TASK\functions\index.js changed, reloading triggers {"metadata":{"emulator":{"name":"functions"},"message":"File C:\\Users\\ranoj\\Desktop\\Internship\\nEW TASK\\functions\\index.js changed, reloading triggers"}}
[debug] [2023-05-27T05:39:01.851Z] Received signal SIGHUP 1
